Determining if the pthread_create exist failed with the following output:
Change Dir: /var/www/html/jyocoin/build/release/rocksdb/CMakeFiles/CMakeTmp

Run Build Command:"/usr/bin/make" "cmTC_cffef/fast"
make[1]: Entering directory '/var/www/html/jyocoin/build/release/rocksdb/CMakeFiles/CMakeTmp'
/usr/bin/make -f CMakeFiles/cmTC_cffef.dir/build.make CMakeFiles/cmTC_cffef.dir/build
make[2]: Entering directory '/var/www/html/jyocoin/build/release/rocksdb/CMakeFiles/CMakeTmp'
Building C object CMakeFiles/cmTC_cffef.dir/CheckSymbolExists.c.o
/usr/bin/cc     -o CMakeFiles/cmTC_cffef.dir/CheckSymbolExists.c.o   -c /var/www/html/jyocoin/build/release/rocksdb/CMakeFiles/CMakeTmp/CheckSymbolExists.c
Linking C executable cmTC_cffef
/usr/bin/cmake -E cmake_link_script CMakeFiles/cmTC_cffef.dir/link.txt --verbose=1
/usr/bin/cc       CMakeFiles/cmTC_cffef.dir/CheckSymbolExists.c.o  -o cmTC_cffef -rdynamic 
CMakeFiles/cmTC_cffef.dir/CheckSymbolExists.c.o: In function `main':
CheckSymbolExists.c:(.text+0x16): undefined reference to `pthread_create'
collect2: error: ld returned 1 exit status
CMakeFiles/cmTC_cffef.dir/build.make:97: recipe for target 'cmTC_cffef' failed
make[2]: *** [cmTC_cffef] Error 1
make[2]: Leaving directory '/var/www/html/jyocoin/build/release/rocksdb/CMakeFiles/CMakeTmp'
Makefile:126: recipe for target 'cmTC_cffef/fast' failed
make[1]: *** [cmTC_cffef/fast] Error 2
make[1]: Leaving directory '/var/www/html/jyocoin/build/release/rocksdb/CMakeFiles/CMakeTmp'

File /var/www/html/jyocoin/build/release/rocksdb/CMakeFiles/CMakeTmp/CheckSymbolExists.c:
/* */
#include <pthread.h>

int main(int argc, char** argv)
{
  (void)argv;
#ifndef pthread_create
  return ((int*)(&pthread_create))[argc];
#else
  (void)argc;
  return 0;
#endif
}

Determining if the function pthread_create exists in the pthreads failed with the following output:
Change Dir: /var/www/html/jyocoin/build/release/rocksdb/CMakeFiles/CMakeTmp

Run Build Command:"/usr/bin/make" "cmTC_ae270/fast"
make[1]: Entering directory '/var/www/html/jyocoin/build/release/rocksdb/CMakeFiles/CMakeTmp'
/usr/bin/make -f CMakeFiles/cmTC_ae270.dir/build.make CMakeFiles/cmTC_ae270.dir/build
make[2]: Entering directory '/var/www/html/jyocoin/build/release/rocksdb/CMakeFiles/CMakeTmp'
Building C object CMakeFiles/cmTC_ae270.dir/CheckFunctionExists.c.o
/usr/bin/cc    -DCHECK_FUNCTION_EXISTS=pthread_create   -o CMakeFiles/cmTC_ae270.dir/CheckFunctionExists.c.o   -c /usr/share/cmake-3.5/Modules/CheckFunctionExists.c
Linking C executable cmTC_ae270
/usr/bin/cmake -E cmake_link_script CMakeFiles/cmTC_ae270.dir/link.txt --verbose=1
/usr/bin/cc   -DCHECK_FUNCTION_EXISTS=pthread_create    CMakeFiles/cmTC_ae270.dir/CheckFunctionExists.c.o  -o cmTC_ae270 -rdynamic -lpthreads 
/usr/bin/ld: cannot find -lpthreads
collect2: error: ld returned 1 exit status
CMakeFiles/cmTC_ae270.dir/build.make:97: recipe for target 'cmTC_ae270' failed
make[2]: *** [cmTC_ae270] Error 1
make[2]: Leaving directory '/var/www/html/jyocoin/build/release/rocksdb/CMakeFiles/CMakeTmp'
Makefile:126: recipe for target 'cmTC_ae270/fast' failed
make[1]: *** [cmTC_ae270/fast] Error 2
make[1]: Leaving directory '/var/www/html/jyocoin/build/release/rocksdb/CMakeFiles/CMakeTmp'


